(6.460000) can0 448#480100000000FFFF
(6.470000) can0 44B#4B0100000000FFFF
(6.560000) can0 448#4B0200000000FFFF
(6.580000) can0 145#0000000000000000
(6.580000) can0 540#0C00000000000000
(6.610000) can0 541#FFFFFF0F00000000
(6.650000) can0 147#0000000000000000
(6.690000) can0 183#060A0A0A0A0AFFFF
(6.730000) can0 183#060A0A0A0A0AFFFF
(6.770000) can0 080#FFFF3505FFFF0A1E
(6.810000) can0 448#4B0200000000FFFF
(6.850000) can0 147#0000000000000000
(6.890000) can0 080#FFFF3505FFFF0A1E
(6.930000) can0 44B#480200000000FFFF
(6.970000) can0 448#4B0200000000FFFF
(7.010000) can0 145#0000000000000000
(7.050000) can0 147#0000000000000000
(7.090000) can0 44B#480200000000FFFF
(7.120000) can0 180#FCFCFCFCFFFFFFFF
(7.160000) can0 448#4B0200000000FFFF
(7.200000) can0 145#0000000000000000
(7.240000) can0 147#0000000000000000
(7.280000) can0 44B#480200000000FFFF
(7.320000) can0 580#5AA65596FAFEFFFF
(7.360000) can0 448#4B0200000000FFFF
(7.400000) can0 145#0000000000000000
(7.440000) can0 147#0000000000000000
(7.480000) can0 44B#480200000000FFFF
(7.520000) can0 448#4B0200000000FFFF
(7.560000) can0 181#F1FCFDCCFAFFFFFF
(7.600000) can0 145#0000000000000000
(7.640000) can0 147#0000000000000000
(7.680000) can0 181#F1FCFDCCFAFFFFFF
(7.720000) can0 183#060A0A0A0A0A00FF
(7.760000) can0 183#060A0A0A0A0A00FF
(7.800000) can0 183#060A0A0A0A0A00FF
(7.840000) can0 147#0000000000000000
(7.880000) can0 448#4B0200000000FFFF
(7.920000) can0 580#5AA65596FAFEFFFF
(7.970000) can0 44B#480200000000FFFF
(7.990000) can0 580#5AA65596FAFEFFFF
(8.030000) can0 147#0000000000000000
(8.070000) can0 448#4B0200000000FFFF
(8.110000) can0 145#0000000000000000
(8.150000) can0 44B#480200000000FFFF
(8.190000) can0 580#5AA65596FAFEFFFF
(8.230000) can0 147#0000000000000000
(8.270000) can0 448#4B0200000000FFFF
(8.310000) can0 145#0000000000000000
(8.350000) can0 44B#480200000000FFFF
(8.390000) can0 580#5AA65596FAFEFFFF
(8.430000) can0 147#0000000000000000
(8.470000) can0 448#4B0200000000FFFF
(8.510000) can0 44B#480200000000FFFF
(8.550000) can0 145#0000000000000000
(8.590000) can0 580#5AA65596FAFEFFFF
(8.630000) can0 180#FCFCFCFCFFFFFFFF
(8.670000) can0 183#060A0A0A0A0A00FF
(8.710000) can0 44B#480200000000FFFF
(8.740000) can0 145#0000000000000000
(8.780000) can0 448#4B0200000000FFFF
(8.820000) can0 145#0000000000000000
(8.860000) can0 147#0000000000000000
(8.900000) can0 44B#480200000000FFFF
(8.940000) can0 580#5AA65596FAFEFFFF
(8.980000) can0 448#4B0200000000FFFF
(9.020000) can0 145#0000000000000000
(9.060000) can0 147#0000000000000000
(9.100000) can0 44B#480200000000FFFF
(9.140000) can0 448#4B0200000000FFFF
(9.180000) can0 580#5AA65596FAFEFFFF
(9.220000) can0 145#0000000000000000
(9.260000) can0 147#0000000000000000
(9.300000) can0 44B#480200000000FFFF
(9.340000) can0 448#4B0200000000FFFF
(9.380000) can0 580#5AA65596FAFEFFFF
(9.420000) can0 145#0000000000000000
(9.460000) can0 147#0000000000000000
(9.500000) can0 44B#480200000000FFFF
(9.530000) can0 448#4B0200000000FFFF
(9.570000) can0 580#5AA65596FAFEFFFF
(9.610000) can0 145#0000000000000000
(9.650000) can0 147#0000000000000000
(9.690000) can0 44B#480200000000FFFF
(9.730000) can0 448#4B0200000000FFFF
(9.770000) can0 580#5AA65596FAFEFFFF
(9.810000) can0 145#0000000000000000
(9.850000) can0 147#0000000000000000
(9.890000) can0 44B#480200000000FFFF
(9.930000) can0 448#4B0200000000FFFF
(9.970000) can0 580#5AA65596FAFEFFFF
(10.010000) can0 145#0000000000000000
(10.050000) can0 147#0000000000000000
(10.090000) can0 44B#480200000000FFFF
(10.130000) can0 448#4B0200000000FFFF
(10.170000) can0 580#5AA65596FAFEFFFF
(10.210000) can0 145#0000000000000000
(10.250000) can0 44B#480200000000FFFF
(10.290000) can0 448#4B0200000000FFFF
(10.330000) can0 580#5AA65596FAFEFFFF
(10.380000) can0 580#5AA65596FAFEFFFF
(10.420000) can0 145#0000000000000000
(10.460000) can0 147#0000000000000000
(10.500000) can0 448#4B0200000000FFFF
(10.540000) can0 44B#480200000000FFFF
(10.580000) can0 44B#480200000000FFFF
(10.620000) can0 540#0C00000000000000
(10.660000) can0 147#0000000000000000
(10.700000) can0 448#4B0200000000FFFF
(10.740000) can0 44B#480200000000FFFF
(10.780000) can0 580#5AA65596FAFEFFFF
(10.820000) can0 145#0000000000000000
(10.860000) can0 448#4B0200000000FFFF
(10.900000) can0 580#5AA65596FAFEFFFF
(10.940000) can0 44B#480200000000FFFF
(10.980000) can0 580#5AA65596FAFEFFFF
(11.020000) can0 147#0000000000000000
(11.060000) can0 448#4B0200000000FFFF
(11.100000) can0 44B#480200000000FFFF
(11.150000) can0 145#0000000000000000
(11.190000) can0 580#5AA65596FAFEFFFF
(11.230000) can0 448#4B0200000000FFFF
(11.270000) can0 147#0000000000000000
(11.310000) can0 44B#480200000000FFFF
(11.350000) can0 145#0000000000000000
(11.390000) can0 448#4B0200000000FFFF
(11.430000) can0 145#0000000000000000
(11.470000) can0 147#0000000000000000
(11.510000) can0 44B#480200000000FFFF
(11.550000) can0 448#4B0200000000FFFF
(11.590000) can0 580#5AA65596FAFEFFFF
(11.630000) can0 181#F1FCFDCCFAFFFFFF
(11.670000) can0 147#0000000000000000
(11.710000) can0 44B#480200000000FFFF
(11.750000) can0 448#4B0200000000FFFF
(11.790000) can0 580#5AA65596FAFEFFFF
(11.840000) can0 147#0000000000000000
(11.880000) can0 44B#480200000000FFFF
(11.920000) can0 580#5AA65596FAFEFFFF
(11.960000) can0 448#4B0200000000FFFF
(12.000000) can0 580#5AA65596FAFEFFFF
(12.040000) can0 147#0000000000000000
(12.080000) can0 44B#480200000000FFFF
(12.120000) can0 448#4B0200000000FFFF
(12.160000) can0 580#5AA65596FAFEFFFF
(12.200000) can0 145#0000000000000000
(12.240000) can0 147#0000000000000000
(12.280000) can0 44B#480200000000FFFF
(12.320000) can0 448#4B0200000000FFFF
(12.360000) can0 580#5AA65596FAFEFFFF
(12.400000) can0 145#070100FF00000000
(12.440000) can0 147#0000000000000000
(12.480000) can0 44B#480200000000FFFF
(12.520000) can0 145#070100FF00000000
(12.560000) can0 448#4B0200000000FFFF
(12.600000) can0 580#5AA65596FAFEFFFF
(12.650000) can0 44B#480200000000FFFF
(12.690000) can0 181#F1FCFDCCFFFFFFFF
(12.730000) can0 181#F1FCFDCCFAFFFFFF
(12.770000) can0 181#F1FCFDCCFAFFFFFF
(12.810000) can0 580#5AA65596FAFEFFFF
(12.850000) can0 147#0000000000000000
(12.890000) can0 448#4B0200000000FFFF
(12.930000) can0 145#0000000000000000
(12.970000) can0 580#5AA65596FAFEFFFF
(13.010000) can0 145#070100FF00000000
(13.050000) can0 147#0000000000000000
(13.090000) can0 448#4B0200000000FFFF
(13.130000) can0 44B#480200000000FFFF
(13.170000) can0 44B#480200000000FFFF
(13.210000) can0 145#070100FF00000000
(13.250000) can0 147#0000000000000000
(13.300000) can0 448#4B0200000000FFFF
(13.340000) can0 44B#480200000000FFFF
(13.380000) can0 580#5AA65596FAFEFFFF
(13.420000) can0 145#070100FF00000000
(13.460000) can0 448#4B0200000000FFFF
(13.500000) can0 040#FFFFFF0300000000
(13.540000) can0 040#0CFCFF0300000000
(13.580000) can0 040#0CFCFF0300000000
(13.620000) can0 541#FF0A0F0F00000000
(13.660000) can0 147#0000000000000000
(13.700000) can0 44B#480200000000FFFF
(13.740000) can0 580#5AA65596FAFEFFFF
(13.780000) can0 580#5AA65596FAFEFFFF
(13.820000) can0 145#070100FF00000000
(13.860000) can0 147#0000000000000000
(13.900000) can0 44B#480200000000FFFF
(13.940000) can0 448#4B0200000000FFFF
(13.980000) can0 448#4B0200000000FFFF
(14.020000) can0 145#070100FF00000000
(14.060000) can0 147#0000000000000000
(14.110000) can0 44B#480200000000FFFF
(14.150000) can0 448#4B0200000000FFFF
(14.190000) can0 580#5AA65596FAFEFFFF
(14.230000) can0 145#070100FF00000000
(14.270000) can0 44B#480200000000FFFF
(14.310000) can0 448#4B0200000000FFFF
(14.350000) can0 580#5AA65596FAFEFFFF
(14.390000) can0 145#070100FF00000000
(14.430000) can0 147#0000000000000000
(14.470000) can0 44B#480200000000FFFF
(14.510000) can0 448#4B0200000000FFFF
(14.550000) can0 580#5AA65596FAFEFFFF
(14.590000) can0 180#FCFCFCFCFFFFFFFF
(14.630000) can0 146#0000000000000000
(14.670000) can0 44B#480200000000FFFF
(14.710000) can0 040#FFFFFF0300000000
(14.760000) can0 448#4B0200000000FFFF
(14.800000) can0 580#5AA65596FAFEFFFF
(14.840000) can0 147#0000000000000000
(14.880000) can0 44B#480200000000FFFF
(14.920000) can0 448#4B0200000000FFFF
(14.960000) can0 580#5AA65596FAFEFFFF
(15.000000) can0 145#070100FF00000000
(15.040000) can0 147#0000000000000000
(15.080000) can0 44B#480200000000FFFF
(15.120000) can0 448#4B0200000000FFFF
(15.160000) can0 580#5AA65596FAFEFFFF
(15.200000) can0 145#070100FF00000000
(15.240000) can0 44B#480200000000FFFF
(15.280000) can0 145#010100FF00000000
(15.320000) can0 448#4B0200000000FFFF
(15.360000) can0 145#010100FF00000000
(15.400000) can0 040#FFFFFF0300000000
(15.440000) can0 147#0000000000000000
(15.480000) can0 040#0FFEFF0300000000
(15.520000) can0 040#0FFEFF0300000000
(15.570000) can0 040#FFFFFF0300000000
(15.610000) can0 181#F1FCFDCCFAFFFFFF
(15.650000) can0 147#0000000000000000
(15.690000) can0 448#4B0200000000FFFF
(15.730000) can0 580#5AA65596FAFEFFFF
(15.770000) can0 44B#480200000000FFFF
(15.810000) can0 145#010100FF00000000
(15.850000) can0 147#0000000000000000
(15.890000) can0 448#4B0200000000FFFF
(15.930000) can0 44B#480200000000FFFF
(15.970000) can0 580#5AA65596FAFEFFFF
(16.010000) can0 145#010100FF00000000
(16.050000) can0 448#4B0200000000FFFF
(16.090000) can0 580#5AA65596FAFEFFFF
(16.130000) can0 44B#480200000000FFFF
(16.170000) can0 580#5AA65596FAFEFFFF
(16.220000) can0 448#4B0200000000FFFF
(16.260000) can0 147#0000000000000000
(16.300000) can0 040#FFFFFF0300000000
(16.340000) can0 44B#480200000000FFFF
(16.380000) can0 040#0FFEFF0300000000
(16.420000) can0 145#010100FF00000000
(16.460000) can0 147#0000000000000000
(16.500000) can0 44B#480200000000FFFF
(16.540000) can0 448#4B0200000000FFFF
(16.580000) can0 580#5AA65596FAFEFFFF
(16.620000) can0 541#FB0A0F0F00000000
(16.660000) can0 147#0000000000000000
(16.700000) can0 44B#480200000000FFFF
(16.740000) can0 448#4B0200000000FFFF
(16.780000) can0 580#5AA65596FAFEFFFF
(16.820000) can0 145#010100FF00000000
(16.860000) can0 44B#480200000000FFFF
(16.900000) can0 448#4B0200000000FFFF
(16.950000) can0 580#5AA65596FAFEFFFF
(16.990000) can0 145#010100FF00000000
(17.030000) can0 147#0000000000000000
(17.070000) can0 44B#480200000000FFFF
(17.110000) can0 448#4B0200000000FFFF
(17.150000) can0 580#5AA65596FAFEFFFF
(17.190000) can0 145#010100FF00000000
(17.230000) can0 147#0000000000000000
(17.270000) can0 44B#480200000000FFFF
(17.310000) can0 040#FFFFFF0300000000
(17.350000) can0 448#4B0200000000FFFF
(17.390000) can0 040#0FFEFF0300000000
(17.430000) can0 040#0FFEFF0300000000
(17.470000) can0 44B#480200000000FFFF
(17.510000) can0 448#4B0200000000FFFF
(17.550000) can0 580#5AA65596FAFEFFFF
(17.590000) can0 181#F1FCFDCCFAFFFFFF
(17.630000) can0 44B#480200000000FFFF
(17.670000) can0 181#F1FCFDCCFFFFFFFF
(17.720000) can0 181#F1FCFDCCFAFFFFFF
(17.760000) can0 181#F1FCFDCCFAFFFFFF
(17.800000) can0 580#5AA65596FAFEFFFF
(17.840000) can0 147#0000000000000000
(17.880000) can0 448#4B0200000000FFFF
(17.920000) can0 145#010100FF00000000
(17.960000) can0 580#5AA65596FAFEFFFF
(18.000000) can0 44B#480200000000FFFF
(18.040000) can0 147#0000000000000000
(18.080000) can0 448#4B0200000000FFFF
(18.120000) can0 145#010100FF00000000
(18.160000) can0 580#5AA65596FAFEFFFF
(18.200000) can0 145#010100FF00000000
(18.240000) can0 147#0000000000000000
(18.280000) can0 448#4B0200000000FFFF
(18.320000) can0 040#FFFFFF0300000000
(18.360000) can0 44B#480200000000FFFF
(18.400000) can0 040#0FFEFF0300000000
(18.450000) can0 147#0000000000000000
(18.490000) can0 448#4B0200000000FFFF
(18.530000) can0 44B#480200000000FFFF
(18.570000) can0 580#5AA65596FAFEFFFF
(18.610000) can0 183#060A0A0A0A0A00FF
(18.650000) can0 147#0000000000000000
(18.690000) can0 44B#480200000000FFFF
(18.730000) can0 580#5AA65596FAFEFFFF
(18.770000) can0 448#4B0200000000FFFF
(18.810000) can0 145#010100FF00000000
(18.850000) can0 147#0000000000000000
(18.890000) can0 44B#480200000000FFFF
(18.930000) can0 580#5AA65596FAFEFFFF
(18.970000) can0 448#4B0200000000FFFF
(19.010000) can0 145#010100FF00000000
(19.050000) can0 147#0000000000000000
(19.090000) can0 44B#480200000000FFFF
(19.130000) can0 448#4B0200000000FFFF
(19.180000) can0 580#5AA65596FAFEFFFF
(19.220000) can0 145#010100FF00000000
(19.260000) can0 147#0000000000000000
(19.300000) can0 44B#480200000000FFFF
(19.340000) can0 040#FFFFFF0300000000
(19.380000) can0 580#5AA65596FAFEFFFF
(19.420000) can0 145#010100FF00000000
(19.460000) can0 44B#480200000000FFFF
(19.500000) can0 448#4B0200000000FFFF
(19.540000) can0 580#5AA65596FAFEFFFF
(19.580000) can0 180#FCFCFCFCFFFFFFFF
(19.620000) can0 44B#480200000000FFFF
(19.660000) can0 147#0000000000000000
(19.700000) can0 448#4B0200000000FFFF
(19.740000) can0 580#5AA65596FAFEFFFF
(19.780000) can0 44B#480200000000FFFF
(19.820000) can0 145#010100FF00000000
(19.860000) can0 147#0000000000000000
(19.910000) can0 448#4B0200000000FFFF
(19.950000) can0 580#5AA65596FAFEFFFF
(19.990000) can0 44B#480200000000FFFF
(20.030000) can0 145#010100FF00000000
(20.070000) can0 147#0000000000000000
(20.110000) can0 448#4B0200000000FFFF
(20.150000) can0 580#5AA65596FAFEFFFF
(20.190000) can0 44B#480200000000FFFF
(20.230000) can0 147#0000000000000000
(20.270000) can0 448#4B0200000000FFFF
(20.310000) can0 040#FFFFFF0300000000
(20.350000) can0 040#0FFEFF0300000000
(20.390000) can0 44B#480200000000FFFF
(20.430000) can0 147#0000000000000000
(20.470000) can0 448#4B0200000000FFFF
(20.510000) can0 44B#480200000000FFFF
(20.550000) can0 580#5AA65596FAFEFFFF
(20.590000) can0 183#060A0A0A0A0A00FF
(20.640000) can0 147#0000000000000000
(20.680000) can0 448#4B0200000000FFFF
(20.720000) can0 44B#480200000000FFFF
(20.760000) can0 580#5AA65596FAFEFFFF
(20.800000) can0 145#010100FF00000000
(20.840000) can0 448#4B0200000000FFFF
(20.880000) can0 44B#480200000000FFFF
(20.920000) can0 44B#480200000000FFFF
(20.960000) can0 580#5AA65596FAFEFFFF
(21.000000) can0 145#010100FF00000000
(21.040000) can0 147#0000000000000000
(21.080000) can0 44B#480200000000FFFF
(21.120000) can0 580#5AA65596FAFEFFFF
(21.160000) can0 448#4B0200000000FFFF
(21.200000) can0 145#010100FF00000000
(21.240000) can0 147#0000000000000000
(21.280000) can0 44B#480200000000FFFF
(21.320000) can0 040#FFFFFF0300000000
(21.370000) can0 580#5AA65596FAFEFFFF
(21.410000) can0 040#0FFEFF0300000000
(21.450000) can0 147#0000000000000000
(21.490000) can0 44B#480200000000FFFF
(21.530000) can0 448#4B0200000000FFFF
(21.570000) can0 180#FCFCFCFCFFFFFFFF
(21.610000) can0 145#010100FF00000000
(21.650000) can0 44B#480200000000FFFF
(21.690000) can0 448#4B0200000000FFFF
(21.730000) can0 448#4B0200000000FFFF
(21.770000) can0 145#010100FF00000000
(21.810000) can0 147#0000000000000000
(21.850000) can0 44B#480200000000FFFF
(21.890000) can0 448#4B0200000000FFFF
(21.930000) can0 580#5AA65596FAFEFFFF
(21.970000) can0 145#010100FF00000000
(22.020000) can0 44B#480200000000FFFF
(22.050000) can0 147#0000000000000000
(22.100000) can0 448#4B0200000000FFFF
(22.140000) can0 580#5AA65596FAFEFFFF
(22.180000) can0 44B#480200000000FFFF
(22.220000) can0 145#010100FF00000000
(22.260000) can0 147#0000000000000000
(22.300000) can0 448#4B0200000000FFFF
(22.340000) can0 040#FFFFFF0300000000
(22.380000) can0 44B#480200000000FFFF
(22.420000) can0 145#010100FF00000000
(22.460000) can0 147#0000000000000000
(22.500000) can0 448#4B0200000000FFFF
(22.540000) can0 580#5AA65596FAFEFFFF
(22.580000) can0 183#060A0A0A0A0A00FF
(22.620000) can0 541#FB0A0F0F00000000
(22.660000) can0 181#F1FCFDCCFFFFFFFF
(22.700000) can0 181#F1FCFDCCFAFFFFFF
(22.750000) can0 181#F1FCFDCCFAFFFFFF
(22.790000) can0 44B#480200000000FFFF
(22.830000) can0 145#010100FF00000000
(22.870000) can0 147#0000000000000000
(22.910000) can0 448#4B0200000000FFFF
(22.950000) can0 580#5AA65596FAFEFFFF
(22.990000) can0 44B#480200000000FFFF
(23.030000) can0 147#0000000000000000
(23.070000) can0 448#4B0200000000FFFF
(23.110000) can0 580#5AA65596FAFEFFFF
(23.150000) can0 580#5AA65596FAFEFFFF
(23.190000) can0 145#010100FF00000000
(23.230000) can0 147#0000000000000000
(23.270000) can0 448#4B0200000000FFFF
(23.310000) can0 040#FFFFFF0300000000
(23.350000) can0 580#5AA65596FAFEFFFF
(23.390000) can0 040#0FFEFF0300000000
(23.430000) can0 147#0000000000000000
(23.480000) can0 44B#480200000000FFFF
(23.520000) can0 44B#480200000000FFFF
(23.560000) can0 180#FCFCFCFCFFFFFFFF
(23.600000) can0 181#F1FCFDCCFAFFFFFF
(23.640000) can0 147#0000000000000000
(23.680000) can0 44B#480200000000FFFF
(23.720000) can0 580#5AA65596FAFEFFFF
(23.760000) can0 448#4B0200000000FFFF
(23.800000) can0 145#010100FF00000000
(23.840000) can0 147#0000000000000000
(23.880000) can0 44B#480200000000FFFF
(23.920000) can0 580#5AA65596FAFEFFFF
(23.960000) can0 448#4B0200000000FFFF
(24.000000) can0 145#010100FF00000000
(24.040000) can0 147#0000000000000000
(24.080000) can0 44B#480200000000FFFF
(24.120000) can0 448#4B0200000000FFFF
(24.170000) can0 580#5AA65596FAFEFFFF
(24.210000) can0 145#010100FF00000000
(24.250000) can0 44B#480200000000FFFF
(24.290000) can0 040#FFFFFF0300000000
(24.330000) can0 448#4B0200000000FFFF
(24.370000) can0 040#0FFEFF0300000000
(24.410000) can0 145#010100FF00000000
(24.450000) can0 147#0000000000000000
(24.490000) can0 448#4B0200000000FFFF
(24.530000) can0 580#5AA65596FAFEFFFF
(24.570000) can0 181#F1FCFDCCFAFFFFFF
(24.610000) can0 541#FB0A0F0F00000000
(24.650000) can0 147#0000000000000000
(24.690000) can0 448#4B0200000000FFFF
(24.730000) can0 580#5AA65596FAFEFFFF
(24.770000) can0 44B#480200000000FFFF
(24.810000) can0 145#010100FF00000000
(24.850000) can0 147#0000000000000000
(24.890000) can0 448#4B0200000000FFFF
(24.940000) can0 580#5AA65596FAFEFFFF
(24.980000) can0 44B#480200000000FFFF
(25.020000) can0 145#010100FF00000000
(25.060000) can0 147#0000000000000000
(25.100000) can0 448#4B0200000000FFFF
(25.140000) can0 580#5AA65596FAFEFFFF
(25.180000) can0 44B#480200000000FFFF
(25.220000) can0 145#010100FF00000000
(25.260000) can0 448#4B0200000000FFFF
(25.300000) can0 040#FFFFFF0300000000
(25.340000) can0 580#5AA65596FAFEFFFF
(25.380000) can0 44B#480200000000FFFF
(25.420000) can0 145#010100FF00000000
(25.460000) can0 448#4B0200000000FFFF
(25.500000) can0 580#5AA65596FAFEFFFF
(25.540000) can0 180#FCFCFCFCFFFFFFFF
(25.580000) can0 181#F1FCFDCCFAFFFFFF
(25.620000) can0 541#FB0A0F0F00000000
(25.670000) can0 448#4B0200000000FFFF
(25.710000) can0 580#5AA65596FAFEFFFF
(25.750000) can0 44B#480200000000FFFF
(25.790000) can0 145#010100FF00000000
(25.830000) can0 147#0000000000000000
(25.870000) can0 448#4B0200000000FFFF
(25.910000) can0 44B#480200000000FFFF
(25.950000) can0 580#5AA65596FAFEFFFF
(25.990000) can0 145#010100FF00000000
(26.030000) can0 147#0000000000000000
(26.070000) can0 44B#480200000000FFFF
(26.110000) can0 580#5AA65596FAFEFFFF
(26.150000) can0 580#5AA65596FAFEFFFF
(26.190000) can0 448#4B0200000000FFFF
(26.230000) can0 147#0000000000000000
(26.270000) can0 44B#480200000000FFFF
(26.310000) can0 040#FFFFFF0300000000
(26.350000) can0 040#0FFEFF0300000000
(26.390000) can0 040#0FFEFF0300000000
(26.440000) can0 147#0000000000000000
(26.480000) can0 44B#480200000000FFFF
(26.520000) can0 580#5AA65596FAFEFFFF
(26.560000) can0 181#F1FCFDCCFAFFFFFF
(26.600000) can0 183#060A0A0A0A0A00FF
(26.640000) can0 147#0000000000000000
(26.680000) can0 44B#480200000000FFFF
(26.720000) can0 448#4B0200000000FFFF
(26.760000) can0 580#5AA65596FAFEFFFF
(26.800000) can0 145#010100FF00000000
(26.840000) can0 44B#480200000000FFFF
(26.880000) can0 448#4B0200000000FFFF
(26.920000) can0 580#5AA65596FAFEFFFF
(26.960000) can0 145#010100FF00000000
(27.000000) can0 145#010100FF00000000
(27.040000) can0 147#0000000000000000
(27.080000) can0 448#4B0200000000FFFF
(27.120000) can0 580#5AA65596FAFEFFFF
(27.170000) can0 44B#480200000000FFFF
(27.210000) can0 145#010100FF00000000
(27.250000) can0 147#0000000000000000
(27.290000) can0 448#4B0200000000FFFF
(27.330000) can0 040#FFFFFF0300000000
(27.370000) can0 44B#480200000000FFFF
(27.410000) can0 145#010100FF00000000
(27.450000) can0 448#4B0200000000FFFF
(27.490000) can0 44B#480200000000FFFF
(27.530000) can0 580#5AA65596FAFEFFFF
(27.570000) can0 181#F1FCFDCCFAFFFFFF
(27.610000) can0 541#FB0A0F0F00000000
(27.650000) can0 448#4B0200000000FFFF
(27.690000) can0 181#F1FCFDCCFAFFFFFF
(27.730000) can0 580#5AA65596FAFEFFFF
(27.770000) can0 44B#480200000000FFFF
(27.810000) can0 145#010100FF00000000
(27.850000) can0 448#4B0200000000FFFF
(27.900000) can0 580#5AA65596FAFEFFFF
(27.940000) can0 44B#480200000000FFFF
(27.980000) can0 145#010100FF00000000
(28.020000) can0 147#0000000000000000
(28.060000) can0 448#4B0200000000FFFF
(28.100000) can0 580#5AA65596FAFEFFFF
(28.140000) can0 44B#480200000000FFFF
(28.180000) can0 145#010100FF00000000
(28.220000) can0 147#0000000000000000
(28.260000) can0 448#4B0200000000FFFF
(28.300000) can0 040#FFFFFF0300000000
(28.340000) can0 44B#480200000000FFFF
(28.380000) can0 040#0FFEFF0300000000
(28.420000) can0 145#010100FF00000000
(28.460000) can0 147#0000000000000000
(28.500000) can0 44B#480200000000FFFF
(28.550000) can0 180#FCFCFCFCFFFFFFFF
(28.580000) can0 183#060A0A0A0A0A00FF
(28.630000) can0 146#0000000000000000
(28.670000) can0 147#0000000000000000
(28.710000) can0 44B#480200000000FFFF
(28.750000) can0 580#5AA65596FAFEFFFF
(28.790000) can0 448#4B0200000000FFFF
(28.830000) can0 147#0000000000000000
(28.870000) can0 44B#480200000000FFFF
(28.910000) can0 580#5AA65596FAFEFFFF
(28.950000) can0 448#4B0200000000FFFF
(28.990000) can0 145#010100FF00000000
(29.030000) can0 147#0000000000000000
(29.070000) can0 44B#480200000000FFFF
(29.110000) can0 580#5AA65596FAFEFFFF
(29.150000) can0 448#4B0200000000FFFF
(29.190000) can0 145#010100FF00000000
(29.230000) can0 147#0000000000000000
(29.280000) can0 44B#480200000000FFFF
(29.320000) can0 040#FFFFFF0300000000
(29.360000) can0 040#0FFEFF0300000000
(29.400000) can0 040#0FFEFF0300000000
(29.440000) can0 147#0000000000000000
(29.480000) can0 448#4B0200000000FFFF
(29.520000) can0 580#5AA65596FAFEFFFF
(29.560000) can0 181#F1FCFDCCFAFFFFFF
(29.600000) can0 44B#480200000000FFFF
(29.640000) can0 147#0000000000000000
(29.680000) can0 448#4B0200000000FFFF
(29.720000) can0 580#5AA65596FAFEFFFF
(29.760000) can0 44B#480200000000FFFF
(29.800000) can0 145#010100FF00000000
(29.840000) can0 147#0000000000000000
(29.880000) can0 448#4B0200000000FFFF
(29.920000) can0 580#5AA65596FAFEFFFF
(29.960000) can0 44B#480200000000FFFF
(30.010000) can0 145#010100FF00000000
(30.050000) can0 448#4B0200000000FFFF
(30.090000) can0 580#5AA65596FAFEFFFF
(30.130000) can0 44B#480200000000FFFF
(30.170000) can0 145#010100FF00000000
(30.210000) can0 147#0000000000000000
(30.250000) can0 448#4B0200000000FFFF
(30.290000) can0 040#FFFFFF0300000000
(30.330000) can0 580#5AA65596FAFEFFFF
(30.370000) can0 040#0FFEFF0300000000
(30.410000) can0 145#010100FF00000000
(30.450000) can0 448#4B0200000000FFFF
(30.490000) can0 580#5AA65596FAFEFFFF
(30.530000) can0 180#FCFCFCFCFFFFFFFF
