(107.390000) can0 173#FDFF1F0000000000
(107.430000) can0 44B#400200000000FFFF
(107.470000) can0 008#F37F070000000000
(107.510000) can0 009#FCFF0F3330000000
(107.550000) can0 580#5AA65596FAFEFFFF
(107.590000) can0 147#0000000000000000
(107.640000) can0 448#4B0200000000FFFF
(107.680000) can0 008#F37F070000000000
(107.720000) can0 44B#400200000000FFFF
(107.760000) can0 580#5AA65596FAFEFFFF
(107.800000) can0 147#0000000000000000
(107.840000) can0 440#480200000000FFFF
(107.890000) can0 008#F37F070000000000
(107.930000) can0 448#4B0200000000FFFF
(107.970000) can0 580#5AA65596FAFEFFFF
(108.010000) can0 44B#400200000000FFFF
(108.050000) can0 008#F37F070000000000
(108.090000) can0 440#480200000000FFFF
(108.140000) can0 580#5AA65596FAFEFFFF
(108.180000) can0 145#010100FF00000000
(108.220000) can0 147#0000000000000000
(108.260000) can0 008#F37F070000000000
(108.300000) can0 44B#400200000000FFFF
(108.340000) can0 180#FCFCFCFCFFFFFFFF
(108.390000) can0 440#480200000000FFFF
(108.430000) can0 147#0000000000000000
(108.470000) can0 448#4B0200000000FFFF
(108.510000) can0 009#FCFF0F3330000000
(108.550000) can0 580#5AA65596FAFEFFFF
(108.590000) can0 147#0000000000000000
(108.640000) can0 440#480200000000FFFF
(108.680000) can0 008#F37F070000000000
(108.720000) can0 580#5AA65596FAFEFFFF
(108.760000) can0 448#4B0200000000FFFF
(108.800000) can0 147#0000000000000000
(108.840000) can0 44B#400200000000FFFF
(108.890000) can0 008#F37F070000000000
(108.930000) can0 580#5AA65596FAFEFFFF
(108.970000) can0 440#480200000000FFFF
(109.010000) can0 147#0000000000000000
(109.050000) can0 448#4B0200000000FFFF
(109.090000) can0 008#F37F070000000000
(109.130000) can0 580#5AA65596FAFEFFFF
(109.180000) can0 145#010100FF00000000
(109.220000) can0 147#0000000000000000
(109.260000) can0 440#480200000000FFFF
(109.300000) can0 008#F37F070000000000
(109.340000) can0 180#FCFCFCFCFFFFFFFF
(109.380000) can0 145#010100FF00000000
(109.430000) can0 44B#400200000000FFFF
(109.470000) can0 008#F37F070000000000
(109.510000) can0 440#480200000000FFFF
(109.550000) can0 580#5AA65596FAFEFFFF
(109.590000) can0 147#0000000000000000
(109.630000) can0 008#F37F070000000000
(109.680000) can0 44B#400200000000FFFF
(109.720000) can0 580#5AA65596FAFEFFFF
(109.760000) can0 504#0001000000000000
(109.800000) can0 147#0000000000000000
(109.840000) can0 008#F37F070000000000
(109.880000) can0 448#4B0200000000FFFF
(109.930000) can0 580#5AA65596FAFEFFFF
(109.970000) can0 008#F37F070000000000
(110.010000) can0 147#0000000000000000
(110.050000) can0 008#F37F070000000000
(110.090000) can0 440#480200000000FFFF
(110.130000) can0 580#5AA65596FAFEFFFF
(110.180000) can0 145#010100FF00000000
(110.220000) can0 147#0000000000000000
(110.260000) can0 008#F37F070000000000
(110.300000) can0 44B#400200000000FFFF
(110.340000) can0 180#FCFCFCFCFFFFFFFF
(110.380000) can0 440#480200000000FFFF
(110.430000) can0 147#0000000000000000
(110.470000) can0 008#F37F070000000000
(110.510000) can0 448#4B0200000000FFFF
(110.550000) can0 580#5AA65596FAFEFFFF
(110.590000) can0 147#0000000000000000
(110.630000) can0 008#F37F070000000000
(110.670000) can0 440#480200000000FFFF
(110.710000) can0 580#5AA65596FAFEFFFF
(110.760000) can0 448#4B0200000000FFFF
(110.800000) can0 147#0000000000000000
(110.840000) can0 44B#400200000000FFFF
(110.880000) can0 008#F37F070000000000
(110.920000) can0 580#5AA65596FAFEFFFF
(110.960000) can0 008#F37F070000000000
(111.010000) can0 147#0000000000000000
(111.050000) can0 448#4B0200000000FFFF
(111.090000) can0 008#F37F070000000000
(111.130000) can0 44B#400200000000FFFF
(111.170000) can0 145#010100FF00000000
(111.210000) can0 147#0000000000000000
(111.260000) can0 440#480200000000FFFF
(111.300000) can0 008#F37F070000000000
(111.340000) can0 181#F0FCFCCCFAFFFFFF
(111.380000) can0 145#010100FF00000000
(111.420000) can0 44B#400200000000FFFF
(111.460000) can0 008#F37F070000000000
(111.510000) can0 009#FCFF0F3330000000
(111.550000) can0 580#5AA65596FAFEFFFF
(111.590000) can0 146#0000000000000000
(111.630000) can0 448#4B0200000000FFFF
(111.670000) can0 008#F37F070000000000
(111.710000) can0 44B#400200000000FFFF
(111.760000) can0 580#5AA65596FAFEFFFF
(111.800000) can0 440#480200000000FFFF
(111.840000) can0 008#F37F070000000000
(111.880000) can0 448#4B0200000000FFFF
(111.920000) can0 580#5AA65596FAFEFFFF
(111.960000) can0 008#F37F070000000000
(112.010000) can0 147#0000000000000000
(112.050000) can0 008#F37F070000000000
(112.090000) can0 440#480200000000FFFF
(112.130000) can0 580#5AA65596FAFEFFFF
(112.170000) can0 448#4B0200000000FFFF
(112.210000) can0 147#0000000000000000
(112.250000) can0 008#F37F070000000000
(112.300000) can0 44B#400200000000FFFF
(112.340000) can0 181#F0FCFCCCFAFFFFFF
(112.380000) can0 440#480200000000FFFF
(112.420000) can0 147#0000000000000000
(112.460000) can0 008#F37F070000000000
(112.500000) can0 448#4B0200000000FFFF
(112.550000) can0 580#5AA65596FAFEFFFF
(112.590000) can0 541#FB0A0F0F00000000
(112.630000) can0 147#0000000000000000
(112.670000) can0 440#480200000000FFFF
(112.710000) can0 580#5AA65596FAFEFFFF
(112.750000) can0 504#0001000000000000
(112.800000) can0 147#0000000000000000
(112.840000) can0 008#F37F070000000000
(112.880000) can0 44B#400200000000FFFF
(112.920000) can0 580#5AA65596FAFEFFFF
(112.960000) can0 008#F37F070000000000
(113.000000) can0 147#0000000000000000
(113.040000) can0 008#F37F070000000000
(113.090000) can0 448#4B0200000000FFFF
(113.130000) can0 580#5AA65596FAFEFFFF
(113.170000) can0 145#010100FF00000000
(113.210000) can0 147#0000000000000000
(113.250000) can0 440#480200000000FFFF
(113.290000) can0 008#F37F070000000000
(113.340000) can0 181#F0FCFCCCFAFFFFFF
(113.380000) can0 145#010100FF00000000
(113.420000) can0 147#0000000000000000
(113.460000) can0 008#F37F070000000000
(113.500000) can0 009#FCFF0F3330000000
(113.540000) can0 440#480200000000FFFF
(113.590000) can0 541#FB0A0F0F00000000
(113.630000) can0 448#4B0200000000FFFF
(113.670000) can0 008#F37F070000000000
(113.710000) can0 580#5AA65596FAFEFFFF
(113.750000) can0 44B#400200000000FFFF
(113.790000) can0 147#0000000000000000
(113.840000) can0 440#480200000000FFFF
(113.880000) can0 008#F37F070000000000
(113.920000) can0 580#5AA65596FAFEFFFF
(113.960000) can0 008#F37F070000000000
(114.000000) can0 44B#400200000000FFFF
(114.040000) can0 008#F37F070000000000
(114.080000) can0 440#480200000000FFFF
(114.130000) can0 580#5AA65596FAFEFFFF
(114.170000) can0 145#010100FF00000000
(114.210000) can0 147#0000000000000000
(114.250000) can0 008#F37F070000000000
(114.290000) can0 44B#400200000000FFFF
(114.330000) can0 181#F0FCFCCCFAFFFFFF
(114.380000) can0 145#010100FF00000000
(114.420000) can0 147#0000000000000000
(114.460000) can0 008#F37F070000000000
(114.500000) can0 448#4B0200000000FFFF
(114.540000) can0 580#5AA65596FAFEFFFF
(114.580000) can0 541#FB0A0F0F00000000
(114.630000) can0 147#0000000000000000
(114.670000) can0 008#F37F070000000000
(114.710000) can0 580#5AA65596FAFEFFFF
(114.750000) can0 504#0001000000000000
(114.790000) can0 147#0000000000000000
(114.830000) can0 44B#400200000000FFFF
(114.880000) can0 008#F37F070000000000
(114.920000) can0 580#5AA65596FAFEFFFF
(114.960000) can0 440#480200000000FFFF
(115.000000) can0 147#0000000000000000
(115.040000) can0 008#F37F070000000000
(115.080000) can0 448#4B0200000000FFFF
(115.130000) can0 580#5AA65596FAFEFFFF
(115.170000) can0 145#010100FF00000000
(115.210000) can0 147#0000000000000000
(115.250000) can0 440#480200000000FFFF
(115.290000) can0 008#F37F070000000000
(115.330000) can0 183#0E0A0A0A0A0A00FF
(115.370000) can0 145#010100FF00000000
(115.420000) can0 147#0000000000000000
(115.460000) can0 008#F37F070000000000
(115.500000) can0 580#5AA65596FAFEFFFF
(115.540000) can0 00F#0E0A0A0A0A0A0000
(115.580000) can0 541#FB0A0F0F00000000
(115.620000) can0 147#0000000000000000
(115.670000) can0 008#F37F070000000000
(115.710000) can0 580#5AA65596FAFEFFFF
(115.750000) can0 44B#400200000000FFFF
(115.790000) can0 147#0000000000000000
(115.830000) can0 440#480200000000FFFF
(115.870000) can0 008#F37F070000000000
(115.910000) can0 580#5AA65596FAFEFFFF
(115.960000) can0 008#F37F070000000000
(116.000000) can0 147#0000000000000000
(116.040000) can0 44B#400200000000FFFF
(116.080000) can0 008#F37F070000000000
(116.120000) can0 580#5AA65596FAFEFFFF
(116.160000) can0 008#F37F070000000000
(116.210000) can0 147#0000000000000000
(116.250000) can0 448#4B0200000000FFFF
(116.290000) can0 008#F37F070000000000
(116.330000) can0 181#F0FCFCCCFAFFFFFF
(116.370000) can0 145#010100FF00000000
(116.410000) can0 440#480200000000FFFF
(116.460000) can0 008#F37F070000000000
(116.500000) can0 580#5AA65596FAFEFFFF
(116.540000) can0 00F#0E0A0A0A0A0A0000
(116.580000) can0 541#FB0A0F0F00000000
(116.620000) can0 44B#400200000000FFFF
(116.660000) can0 008#F37F070000000000
(116.710000) can0 580#5AA65596FAFEFFFF
(116.750000) can0 504#0001000000000000
(116.790000) can0 147#0000000000000000
(116.830000) can0 008#F37F070000000000
(116.870000) can0 44B#400200000000FFFF
(116.910000) can0 580#5AA65596FAFEFFFF
(116.960000) can0 008#F37F070000000000
(117.000000) can0 147#0000000000000000
(117.040000) can0 448#4B0200000000FFFF
(117.080000) can0 008#F37F070000000000
(117.120000) can0 580#5AA65596FAFEFFFF
(117.160000) can0 008#F37F070000000000
(117.210000) can0 147#0000000000000000
(117.250000) can0 440#480200000000FFFF
(117.290000) can0 008#F37F070000000000
(117.330000) can0 448#4B0200000000FFFF
(117.370000) can0 145#010100FF00000000
(117.410000) can0 147#0000000000000000
(117.450000) can0 009#FCFF0F3330000000
(117.500000) can0 580#5AA65596FAFEFFFF
(117.540000) can0 440#480200000000FFFF
(117.580000) can0 541#FB0A0F0F00000000
(117.620000) can0 147#0000000000000000
(117.660000) can0 008#F37F070000000000
(117.700000) can0 580#5AA65596FAFEFFFF
(117.750000) can0 44B#400200000000FFFF
(117.790000) can0 147#0000000000000000
(117.830000) can0 440#480200000000FFFF
(117.870000) can0 008#F37F070000000000
(117.910000) can0 580#5AA65596FAFEFFFF
(117.950000) can0 008#F37F070000000000
(118.000000) can0 147#0000000000000000
(118.040000) can0 44B#400200000000FFFF
(118.080000) can0 008#F37F070000000000
(118.120000) can0 580#5AA65596FAFEFFFF
(118.160000) can0 008#F37F070000000000
(118.200000) can0 147#0000000000000000
(118.250000) can0 448#4B0200000000FFFF
(118.290000) can0 580#5AA65596FAFEFFFF
(118.330000) can0 44B#400200000000FFFF
(118.370000) can0 145#010100FF00000000
(118.410000) can0 147#0000000000000000
(118.450000) can0 009#FCFF0F3330000000
(118.500000) can0 580#5AA65596FAFEFFFF
(118.540000) can0 448#4B0200000000FFFF
(118.580000) can0 541#FB0A0F0F00000000
(118.620000) can0 44B#400200000000FFFF
(118.660000) can0 008#F37F070000000000
(118.700000) can0 440#480200000000FFFF
(118.750000) can0 504#0001000000000000
(118.790000) can0 147#0000000000000000
(118.830000) can0 008#F37F070000000000
(118.870000) can0 44B#400200000000FFFF
(118.910000) can0 580#5AA65596FAFEFFFF
(118.950000) can0 008#F37F070000000000
(118.990000) can0 147#0000000000000000
(119.040000) can0 008#F37F070000000000
(119.080000) can0 448#4B0200000000FFFF
(119.120000) can0 580#5AA65596FAFEFFFF
(119.160000) can0 44B#400200000000FFFF
(119.200000) can0 147#0000000000000000
(119.240000) can0 008#F37F070000000000
(119.290000) can0 580#5AA65596FAFEFFFF
(119.330000) can0 183#0E0A0A0A0A0A00FF
(119.370000) can0 145#010100FF00000000
(119.410000) can0 147#0000000000000000
(119.450000) can0 009#FCFF0F3330000000
(119.490000) can0 580#5AA65596FAFEFFFF
(119.540000) can0 440#480200000000FFFF
(119.580000) can0 541#FB0A0F0F00000000
(119.620000) can0 448#4B0200000000FFFF
(119.660000) can0 008#F37F070000000000
(119.700000) can0 580#5AA65596FAFEFFFF
(119.740000) can0 44B#400200000000FFFF
(119.790000) can0 147#0000000000000000
(119.830000) can0 440#480200000000FFFF
(119.870000) can0 008#F37F070000000000
(119.910000) can0 448#4B0200000000FFFF
(119.950000) can0 008#F37F070000000000
(119.990000) can0 147#0000000000000000
(120.030000) can0 44B#400200000000FFFF
(120.080000) can0 008#F37F070000000000
(120.120000) can0 440#480200000000FFFF
(120.160000) can0 008#F37F070000000000
(120.200000) can0 448#4B0200000000FFFF
(120.240000) can0 008#F37F070000000000
(120.280000) can0 580#5AA65596FAFEFFFF
(120.330000) can0 181#F0FCFCCCFAFFFFFF
(120.370000) can0 145#010100FF00000000
(120.410000) can0 440#480200000000FFFF
(120.450000) can0 009#FCFF0F3330000000
(120.490000) can0 580#5AA65596FAFEFFFF
(120.530000) can0 448#4B0200000000FFFF
(120.570000) can0 541#FB0A0F0F00000000
(120.620000) can0 44B#400200000000FFFF
(120.660000) can0 008#F37F070000000000
(120.700000) can0 440#480200000000FFFF
(120.740000) can0 504#0001000000000000
(120.780000) can0 145#010100FF00000000
(120.820000) can0 448#4B0200000000FFFF
(120.870000) can0 008#F37F070000000000
(120.910000) can0 44B#400200000000FFFF
(120.950000) can0 008#F37F070000000000
(120.990000) can0 440#480200000000FFFF
(121.030000) can0 008#F37F070000000000
(121.070000) can0 448#4B0200000000FFFF
(121.120000) can0 580#5AA65596FAFEFFFF
(121.160000) can0 008#F37F070000000000
(121.200000) can0 147#0000000000000000
(121.240000) can0 008#F37F070000000000
(121.280000) can0 580#5AA65596FAFEFFFF
(121.320000) can0 183#0E0A0A0A0A0A00FF
(121.360000) can0 145#010100FF00000000
(121.410000) can0 147#0000000000000000
(121.450000) can0 009#FCFF0F3330000000
(121.490000) can0 580#5AA65596FAFEFFFF
(121.530000) can0 440#480200000000FFFF
(121.570000) can0 541#FB0A0F0F00000000
(121.610000) can0 147#0000000000000000
(121.660000) can0 008#F37F070000000000
(121.700000) can0 580#5AA65596FAFEFFFF
(121.740000) can0 44B#400200000000FFFF
(121.780000) can0 145#010100FF00000000
(121.820000) can0 147#0000000000000000
