(0.020000) can0 173#0D0C040000000000
(0.150000) can0 171#0200000000000000
(0.170000) can0 501#00FF00FF00000300
(0.170000) can0 504#0000000000000000
(0.220000) can0 173#0D0C040000000000
(0.320000) can0 570#FFFFFFFFFFFFFFFF
(0.350000) can0 171#0200000000000000
(0.370000) can0 501#00FF00FF00000300
(0.380000) can0 504#0000000000000000
(0.420000) can0 173#0D0C040000000000
(0.560000) can0 171#0200000000000000
(0.570000) can0 501#00FF00FF00000300
(0.570000) can0 504#0000000000000000
(0.610000) can0 440#4004000000000000
(0.650000) can0 173#0D0C040000000000
(0.750000) can0 171#0200000000000000
(0.760000) can0 501#00FF00FF00000300
(0.770000) can0 504#0000000000000000
(0.830000) can0 173#0D0C040000000000
(0.950000) can0 171#0200000000000000
(0.960000) can0 501#00FF00FF00000300
(0.980000) can0 504#0000000000000000
(1.020000) can0 173#0D0C040000000000
(1.150000) can0 171#0200000000000000
(1.160000) can0 501#00FF00FF00000300
(1.170000) can0 504#0000000000000000
(1.220000) can0 173#0D0C040000000000
(1.270000) can0 100#FF0000FF00000000
(1.330000) can0 570#FFFFFFFFFFFFFFFF
(1.360000) can0 171#0200000000000000
(1.360000) can0 501#00FF00FF00000300
(1.400000) can0 504#0000000000000000
(1.440000) can0 173#0D0C040000000000
(1.550000) can0 171#0200000000000000
(1.560000) can0 501#00FF00FF00000300
(1.570000) can0 504#0000000000000000
(1.610000) can0 440#4004000000000000
(1.650000) can0 173#0D0C040000000000
(1.750000) can0 171#0200000000000000
(1.760000) can0 501#00FF00FF00000300
(1.770000) can0 504#0000000000000000
(1.820000) can0 173#0D0C040000000000
(1.950000) can0 171#0200000000000000
(1.960000) can0 501#00FF00FF00000300
(1.970000) can0 504#0000000000000000
(2.020000) can0 173#0D0C040000000000
(2.150000) can0 171#0200000000000000
(2.160000) can0 501#00FF00FF00000300
(2.170000) can0 504#0000000000000000
(2.230000) can0 173#0D0C040000000000
(2.320000) can0 570#FFFFFFFFFFFFFFFF
(2.360000) can0 171#0200000000000000
(2.360000) can0 501#00FF00FF00000300
(2.380000) can0 504#0000000000000000
(2.420000) can0 173#0D0C040000000000
(2.550000) can0 171#0200000000000000
(2.570000) can0 501#00FF00FF00000300
(2.570000) can0 504#0000000000000000
(2.610000) can0 440#4004000000000000
(2.640000) can0 173#0D0C040000000000
(2.750000) can0 171#0200000000000000
(2.760000) can0 501#00FF00FF00000300
(2.770000) can0 504#0000000000000000
(2.820000) can0 173#0D0C040000000000
(2.950000) can0 171#0200000000000000
(2.960000) can0 501#00FF00FF00000300
(2.970000) can0 504#0000000000000000
(3.020000) can0 173#0D0C040000000000
(3.150000) can0 171#0200000000000000
(3.160000) can0 501#00FF00FF00000300
(3.170000) can0 504#0000000000000000
(3.220000) can0 173#0D0C040000000000
(3.270000) can0 100#FF0000FF00000000
(3.320000) can0 570#FFFFFFFFFFFFFFFF
(3.350000) can0 171#0200000000000000
(3.360000) can0 501#00FF00FF00000300
(3.400000) can0 504#0000000000000000
(3.440000) can0 173#0D0C040000000000
(3.550000) can0 171#0200000000000000
(3.560000) can0 501#00FF00FF00000300
(3.570000) can0 504#0000000000000000
(3.600000) can0 440#4004000000000000
(3.640000) can0 173#0D0C040000000000
(3.750000) can0 171#0200000000000000
(3.760000) can0 501#00FF00FF00000300
(3.770000) can0 504#0000000000000000
(3.820000) can0 173#0D0C040000000000
(3.950000) can0 171#0200000000000000
(3.960000) can0 501#00FF00FF00000300
(3.970000) can0 504#0000000000000000
(4.020000) can0 173#0D0C040000000000
(4.150000) can0 171#0200000000000000
(4.160000) can0 501#00FF00FF00000300
(4.170000) can0 504#0000000000000000
(4.220000) can0 173#0D0C040000000000
(4.320000) can0 570#FFFFFFFFFFFFFFFF
(4.350000) can0 171#0200000000000000
(4.360000) can0 501#00FF00FF00000300
(4.380000) can0 504#0000000000000000
(4.420000) can0 173#0D0C040000000000
(4.550000) can0 171#0200000000000000
(4.560000) can0 501#00FF00FF00000300
(4.570000) can0 504#0000000000000000
(4.600000) can0 440#4004000000000000
(4.640000) can0 173#0D0C040000000000
(4.750000) can0 171#0200000000000000
(4.760000) can0 501#00FF00FF00000300
(4.770000) can0 504#0000000000000000
(4.820000) can0 173#0D0C040000000000
(4.950000) can0 171#0200000000000000
(4.960000) can0 501#00FF00FF00000300
(4.970000) can0 504#0000000000000000
(5.020000) can0 173#0D0C040000000000
(5.150000) can0 171#0200000000000000
(5.160000) can0 501#00FF00FF00000300
(5.170000) can0 504#0000000000000000
(5.220000) can0 173#0D0C040000000000
(5.270000) can0 100#FF0000FF00000000
(5.320000) can0 570#FFFFFFFFFFFFFFFF
(5.350000) can0 171#0200000000000000
(5.360000) can0 501#00FF00FF00000300
(5.400000) can0 504#0000000000000000
(5.440000) can0 173#0D0C040000000000
(5.550000) can0 171#0200000000000000
(5.560000) can0 501#00FF00FF00000300
(5.570000) can0 504#0000000000000000
(5.600000) can0 440#4004000000000000
(5.640000) can0 173#0D0C040000000000
(5.750000) can0 171#0200000000000000
(5.760000) can0 501#00FF00FF00000300
(5.770000) can0 504#0000000000000000
(5.820000) can0 173#0D0C040000000000
