(0.020000) can0 448#4B0200000000FFFF
(0.020000) can0 145#010100FF00000000
(0.050000) can0 540#0C00000000000000
(0.090000) can0 147#0000000000000000
(0.120000) can0 580#5AA65596FAFEFFFF
(0.170000) can0 501#00FF00FF00000300
(0.200000) can0 504#0000000000000000
(0.240000) can0 440#480200000000FFFF
(0.280000) can0 147#0000000000000000
(0.320000) can0 580#5AA65596FAFEFFFF
(0.360000) can0 501#00FF00FF00000300
(0.400000) can0 504#0000000000000000
(0.440000) can0 44B#400200000000FFFF
(0.480000) can0 147#0000000000000000
(0.520000) can0 580#5AA65596FAFEFFFF
(0.560000) can0 171#0200000000000000
(0.600000) can0 504#0000000000000000
(0.640000) can0 173#0D0C040000000000
(0.680000) can0 147#0000000000000000
(0.720000) can0 44B#400200000000FFFF
(0.760000) can0 171#0200000000000000
(0.800000) can0 504#0000000000000000
(0.840000) can0 173#0D0C040000000000
(0.880000) can0 147#0000000000000000
(0.920000) can0 181#F0FCFCCC07FFFFFF
(0.960000) can0 171#0200000000000000
(1.000000) can0 44B#400200000000FFFF
(1.030000) can0 173#0D0C040000000000
(1.080000) can0 541#FB0A0F0F00000000
(1.110000) can0 580#5AA65596FAFEFFFF
(1.150000) can0 171#0200000000000000
(1.190000) can0 504#0000000000000000
(1.230000) can0 173#0D0C040000000000
(1.270000) can0 44B#400200000000FFFF
(1.310000) can0 580#5AA65596FAFEFFFF
(1.350000) can0 171#0200000000000000
(1.390000) can0 504#0000000000000000
(1.430000) can0 173#0D0C040000000000
(1.470000) can0 145#010100FF00000000
(1.510000) can0 580#5AA65596FAFEFFFF
(1.550000) can0 44B#400200000000FFFF
(1.590000) can0 504#0000000000000000
(1.630000) can0 173#0D0C040000000000
(1.670000) can0 145#010100FF00000000
(1.710000) can0 580#5AA65596FAFEFFFF
(1.750000) can0 448#4B0200000000FFFF
(1.780000) can0 504#0000000000000000
(1.830000) can0 173#0D0C040000000000
(1.860000) can0 145#010100FF00000000
(1.900000) can0 180#FCFCFCC4FFFFFFFF
(1.940000) can0 570#FFFFFFFFFFFFFFFF
(1.980000) can0 504#0000000000000000
(2.020000) can0 448#4B0200000000FFFF
(2.060000) can0 541#FB0A0F0F00000000
(2.100000) can0 580#5AA65596FAFEFFFF
(2.140000) can0 44B#400200000000FFFF
(2.180000) can0 504#0000000000000000
(2.220000) can0 440#480200000000FFFF
(2.260000) can0 145#010100FF00000000
(2.300000) can0 580#5AA65596FAFEFFFF
(2.340000) can0 171#0200000000000000
(2.380000) can0 504#0000000000000000
(2.420000) can0 44B#400200000000FFFF
(2.460000) can0 145#010100FF00000000
(2.500000) can0 580#5AA65596FAFEFFFF
(2.540000) can0 171#0200000000000000
(2.580000) can0 504#0000000000000000
(2.620000) can0 173#0D0C040000000000
(2.660000) can0 145#010100FF00000000
(2.700000) can0 580#5AA65596FAFEFFFF
(2.730000) can0 440#480200000000FFFF
(2.770000) can0 504#0000000000000000
(2.810000) can0 173#0D0C040000000000
(2.850000) can0 448#4B0200000000FFFF
(2.890000) can0 580#5AA65596FAFEFFFF
(2.930000) can0 570#FFFFFFFFFFFFFFFF
(2.970000) can0 504#0000000000000000
(3.010000) can0 173#0D0C040000000000
(3.050000) can0 440#480200000000FFFF
(3.090000) can0 580#5AA65596FAFEFFFF
(3.130000) can0 448#4B0200000000FFFF
(3.170000) can0 501#00FF00FF00000300
(3.210000) can0 504#0000000000000000
(3.250000) can0 173#0D0C040000000000
(3.290000) can0 580#5AA65596FAFEFFFF
(3.330000) can0 440#480200000000FFFF
(3.370000) can0 501#00FF00FF00000300
(3.410000) can0 448#4B0200000000FFFF
(3.450000) can0 173#0D0C040000000000
(3.490000) can0 580#5AA65596FAFEFFFF
(3.520000) can0 44B#400200000000FFFF
(3.560000) can0 501#00FF00FF00000300
(3.600000) can0 440#480200000000FFFF
(3.640000) can0 173#0D0C040000000000
(3.680000) can0 580#5AA65596FAFEFFFF
(3.720000) can0 171#0200000000000000
(3.760000) can0 501#00FF00FF00000300
(3.800000) can0 44B#400200000000FFFF
(3.840000) can0 173#0D0C040000000000
(3.880000) can0 147#0000000000000000
(3.920000) can0 183#160A0A0A0A0A00FF
(3.960000) can0 448#4B0200000000FFFF
(4.000000) can0 504#0000000000000000
(4.040000) can0 173#0D0C040000000000
(4.080000) can0 147#0000000000000000
(4.120000) can0 580#5AA65596FAFEFFFF
(4.160000) can0 171#0200000000000000
(4.200000) can0 504#0000000000000000
(4.240000) can0 173#0D0C040000000000
(4.280000) can0 147#0000000000000000
(4.320000) can0 580#5AA65596FAFEFFFF
(4.360000) can0 171#0200000000000000
(4.390000) can0 504#0000000000000000
(4.430000) can0 440#480200000000FFFF
(4.470000) can0 145#010100FF00000000
(4.510000) can0 580#5AA65596FAFEFFFF
(4.550000) can0 171#0200000000000000
(4.590000) can0 504#0000000000000000
(4.630000) can0 173#0D0C040000000000
(4.670000) can0 145#010100FF00000000
(4.710000) can0 580#5AA65596FAFEFFFF
(4.750000) can0 440#480200000000FFFF
(4.790000) can0 504#0000000000000000
(4.830000) can0 173#0D0C040000000000
(4.870000) can0 145#010100FF00000000
(4.910000) can0 181#F0FCFCCC07FFFFFF
(4.950000) can0 570#FFFFFFFFFFFFFFFF
(4.990000) can0 504#0000000000000000
(5.030000) can0 173#0D0C040000000000
(5.070000) can0 541#FB0A0F0F00000000
(5.110000) can0 580#5AA65596FAFEFFFF
(5.150000) can0 171#0200000000000000
(5.180000) can0 504#0000000000000000
(5.220000) can0 173#0D0C040000000000
(5.260000) can0 440#480200000000FFFF
(5.300000) can0 580#5AA65596FAFEFFFF
(5.340000) can0 171#0200000000000000
(5.380000) can0 504#0000000000000000
(5.420000) can0 173#0D0C040000000000
(5.460000) can0 145#010100FF00000000
(5.500000) can0 580#5AA65596FAFEFFFF
(5.540000) can0 440#480200000000FFFF
(5.580000) can0 504#0000000000000000
(5.620000) can0 173#0D0C040000000000
(5.660000) can0 145#010100FF00000000
(5.700000) can0 147#0000000000000000
(5.740000) can0 44B#400200000000FFFF
(5.780000) can0 504#0000000000000000
(5.820000) can0 440#480200000000FFFF
(5.860000) can0 145#010100FF00000000
(5.900000) can0 181#F0FCFCCC07FFFFFF
(5.940000) can0 570#FFFFFFFFFFFFFFFF
(5.980000) can0 504#0000000000000000
(6.010000) can0 44B#400200000000FFFF
(6.050000) can0 145#010100FF00000000
(6.090000) can0 147#0000000000000000
(6.130000) can0 440#480200000000FFFF
(6.170000) can0 504#0000000000000000
(6.210000) can0 448#4B0200000000FFFF
(6.250000) can0 173#0D0C040000000000
(6.290000) can0 44B#400200000000FFFF
(6.330000) can0 171#0200000000000000
(6.370000) can0 501#00FF00FF00000300
(6.410000) can0 440#480200000000FFFF
(6.450000) can0 173#0D0C040000000000
(6.490000) can0 147#0000000000000000
(6.530000) can0 171#0200000000000000
(6.570000) can0 44B#400200000000FFFF
(6.610000) can0 504#0000000000000000
(6.650000) can0 173#0D0C040000000000
(6.690000) can0 147#0000000000000000
(6.730000) can0 448#4B0200000000FFFF
(6.760000) can0 501#00FF00FF00000300
(6.800000) can0 504#0000000000000000
(6.840000) can0 44B#400200000000FFFF
(6.880000) can0 180#FCFCFCC4FFFFFFFF
(6.920000) can0 570#FFFFFFFFFFFFFFFF
(6.960000) can0 501#00FF00FF00000300
(7.000000) can0 504#0000000000000000
(7.040000) can0 448#4B0200000000FFFF
(7.080000) can0 147#0000000000000000
(7.120000) can0 44B#400200000000FFFF
(7.160000) can0 501#00FF00FF00000300
(7.200000) can0 504#0000000000000000
(7.240000) can0 173#0D0C040000000000
(7.280000) can0 147#0000000000000000
(7.320000) can0 448#4B0200000000FFFF
(7.360000) can0 171#0200000000000000
(7.400000) can0 504#0000000000000000
(7.440000) can0 173#0D0C040000000000
(7.480000) can0 147#0000000000000000
(7.520000) can0 440#480200000000FFFF
(7.560000) can0 171#0200000000000000
(7.600000) can0 448#4B0200000000FFFF
(7.630000) can0 173#0D0C040000000000
(7.670000) can0 44B#400200000000FFFF
(7.710000) can0 171#0200000000000000
(7.750000) can0 501#00FF00FF00000300
(7.790000) can0 504#0000000000000000
(7.830000) can0 173#0D0C040000000000
(7.870000) can0 580#5AA65596FAFEFFFF
(7.910000) can0 183#160A0A0A0A0A00FF
(7.950000) can0 171#0200000000000000
(7.990000) can0 504#0000000000000000
(8.030000) can0 173#0D0C040000000000
(8.070000) can0 580#5AA65596FAFEFFFF
(8.110000) can0 147#0000000000000000
(8.150000) can0 448#4B0200000000FFFF
(8.190000) can0 504#0000000000000000
(8.230000) can0 173#0D0C040000000000
(8.270000) can0 580#5AA65596FAFEFFFF
